# JRE version: OpenJDK Runtime Environment (8.0_112-b06) (build 1.8.0_112-release-b06)
# Java VM: OpenJDK 64-Bit Server VM (25.112-b06 mixed mode bsd-amd64 compressed oops)
Heap:
 PSYoungGen      total 88064K, used 30406K [0x00000007a0000000, 0x00000007a7700000, 0x00000007c0000000)
  eden space 77312K, 25% used [0x00000007a0000000,0x00000007a1337560,0x00000007a4b80000)
  from space 10752K, 99% used [0x00000007a4b80000,0x00000007a55fa690,0x00000007a5600000)
  to   space 12288K, 0% used [0x00000007a6b00000,0x00000007a6b00000,0x00000007a7700000)
 ParOldGen       total 101888K, used 15930K [0x0000000760000000, 0x0000000766380000, 0x00000007a0000000)
  object space 101888K, 15% used [0x0000000760000000,0x0000000760f8e850,0x0000000766380000)
 Metaspace       used 45428K, capacity 46596K, committed 46720K, reserved 1089536K
  class space    used 6152K, capacity 6441K, committed 6528K, reserved 1048576K
GC Heap History (10 events):
Event: 9.373 GC heap before
{Heap before GC invocations=9 (full 1):
 PSYoungGen      total 55808K, used 51020K [0x00000007a0000000, 0x00000007a4f00000, 0x00000007c0000000)
  eden space 46080K, 100% used [0x00000007a0000000,0x00000007a2d00000,0x00000007a2d00000)
  from space 9728K, 50% used [0x00000007a2d00000,0x00000007a31d33e0,0x00000007a3680000)
  to   space 9216K, 0% used [0x00000007a4600000,0x00000007a4600000,0x00000007a4f00000)
 ParOldGen       total 65024K, used 7997K [0x0000000760000000, 0x0000000763f80000, 0x00000007a0000000)
  object space 65024K, 12% used [0x0000000760000000,0x00000007607cf768,0x0000000763f80000)
 Metaspace       used 33087K, capacity 33540K, committed 33792K, reserved 1079296K
  class space    used 4448K, capacity 4592K, committed 4608K, reserved 1048576K
Event: 9.388 GC heap after
Heap after GC invocations=9 (full 1):
 PSYoungGen      total 70656K, used 9197K [0x00000007a0000000, 0x00000007a5080000, 0x00000007c0000000)
  eden space 61440K, 0% used [0x00000007a0000000,0x00000007a0000000,0x00000007a3c00000)
  from space 9216K, 99% used [0x00000007a4600000,0x00000007a4efb4d8,0x00000007a4f00000)
  to   space 10240K, 0% used [0x00000007a3c00000,0x00000007a3c00000,0x00000007a4600000)
 ParOldGen       total 65024K, used 8069K [0x0000000760000000, 0x0000000763f80000, 0x00000007a0000000)
  object space 65024K, 12% used [0x0000000760000000,0x00000007607e1778,0x0000000763f80000)
 Metaspace       used 33087K, capacity 33540K, committed 33792K, reserved 1079296K
  class space    used 4448K, capacity 4592K, committed 4608K, reserved 1048576K
}
Event: 10.155 GC heap before
{Heap before GC invocations=10 (full 1):
 PSYoungGen      total 70656K, used 54407K [0x00000007a0000000, 0x00000007a5080000, 0x00000007c0000000)
  eden space 61440K, 73% used [0x00000007a0000000,0x00000007a2c26840,0x00000007a3c00000)
  from space 9216K, 99% used [0x00000007a4600000,0x00000007a4efb4d8,0x00000007a4f00000)
  to   space 10240K, 0% used [0x00000007a3c00000,0x00000007a3c00000,0x00000007a4600000)
 ParOldGen       total 65024K, used 8069K [0x0000000760000000, 0x0000000763f80000, 0x00000007a0000000)
  object space 65024K, 12% used [0x0000000760000000,0x00000007607e1778,0x0000000763f80000)
 Metaspace       used 34765K, capacity 35360K, committed 35496K, reserved 1079296K
  class space    used 4668K, capacity 4856K, committed 4864K, reserved 1048576K
Event: 10.176 GC heap after
Heap after GC invocations=10 (full 1):
 PSYoungGen      total 71680K, used 8318K [0x00000007a0000000, 0x00000007a6080000, 0x00000007c0000000)
  eden space 61440K, 0% used [0x00000007a0000000,0x00000007a0000000,0x00000007a3c00000)
  from space 10240K, 81% used [0x00000007a3c00000,0x00000007a441fb78,0x00000007a4600000)
  to   space 10752K, 0% used [0x00000007a5600000,0x00000007a5600000,0x00000007a6080000)
 ParOldGen       total 65024K, used 8077K [0x0000000760000000, 0x0000000763f80000, 0x00000007a0000000)
  object space 65024K, 12% used [0x0000000760000000,0x00000007607e3778,0x0000000763f80000)
 Metaspace       used 34765K, capacity 35360K, committed 35496K, reserved 1079296K
  class space    used 4668K, capacity 4856K, committed 4864K, reserved 1048576K
}
Event: 10.176 GC heap before
{Heap before GC invocations=11 (full 2):
 PSYoungGen      total 71680K, used 8318K [0x00000007a0000000, 0x00000007a6080000, 0x00000007c0000000)
  eden space 61440K, 0% used [0x00000007a0000000,0x00000007a0000000,0x00000007a3c00000)
  from space 10240K, 81% used [0x00000007a3c00000,0x00000007a441fb78,0x00000007a4600000)
  to   space 10752K, 0% used [0x00000007a5600000,0x00000007a5600000,0x00000007a6080000)
 ParOldGen       total 65024K, used 8077K [0x0000000760000000, 0x0000000763f80000, 0x00000007a0000000)
  object space 65024K, 12% used [0x0000000760000000,0x00000007607e3778,0x0000000763f80000)
 Metaspace       used 34765K, capacity 35360K, committed 35496K, reserved 1079296K
  class space    used 4668K, capacity 4856K, committed 4864K, reserved 1048576K
Event: 10.296 GC heap after
Heap after GC invocations=11 (full 2):
 PSYoungGen      total 71680K, used 0K [0x00000007a0000000, 0x00000007a6080000, 0x00000007c0000000)
  eden space 61440K, 0% used [0x00000007a0000000,0x00000007a0000000,0x00000007a3c00000)
  from space 10240K, 0% used [0x00000007a3c00000,0x00000007a3c00000,0x00000007a4600000)
  to   space 10752K, 0% used [0x00000007a5600000,0x00000007a5600000,0x00000007a6080000)
 ParOldGen       total 101888K, used 14837K [0x0000000760000000, 0x0000000766380000, 0x00000007a0000000)
  object space 101888K, 14% used [0x0000000760000000,0x0000000760e7d780,0x0000000766380000)
 Metaspace       used 34765K, capacity 35360K, committed 35496K, reserved 1079296K
  class space    used 4668K, capacity 4856K, committed 4864K, reserved 1048576K
}
Event: 11.681 GC heap before
{Heap before GC invocations=12 (full 2):
 PSYoungGen      total 71680K, used 61440K [0x00000007a0000000, 0x00000007a6080000, 0x00000007c0000000)
  eden space 61440K, 100% used [0x00000007a0000000,0x00000007a3c00000,0x00000007a3c00000)
  from space 10240K, 0% used [0x00000007a3c00000,0x00000007a3c00000,0x00000007a4600000)
  to   space 10752K, 0% used [0x00000007a5600000,0x00000007a5600000,0x00000007a6080000)
 ParOldGen       total 101888K, used 14837K [0x0000000760000000, 0x0000000766380000, 0x00000007a0000000)
  object space 101888K, 14% used [0x0000000760000000,0x0000000760e7d780,0x0000000766380000)
 Metaspace       used 39628K, capacity 40410K, committed 40704K, reserved 1085440K
  class space    used 5365K, capacity 5548K, committed 5632K, reserved 1048576K
Event: 11.707 GC heap after
Heap after GC invocations=12 (full 2):
 PSYoungGen      total 88064K, used 7667K [0x00000007a0000000, 0x00000007a6100000, 0x00000007c0000000)
  eden space 77312K, 0% used [0x00000007a0000000,0x00000007a0000000,0x00000007a4b80000)
  from space 10752K, 71% used [0x00000007a5600000,0x00000007a5d7ce70,0x00000007a6080000)
  to   space 10752K, 0% used [0x00000007a4b80000,0x00000007a4b80000,0x00000007a5600000)
 ParOldGen       total 101888K, used 14845K [0x0000000760000000, 0x0000000766380000, 0x00000007a0000000)
  object space 101888K, 14% used [0x0000000760000000,0x0000000760e7f780,0x0000000766380000)
 Metaspace       used 39628K, capacity 40410K, committed 40704K, reserved 1085440K
  class space    used 5365K, capacity 5548K, committed 5632K, reserved 1048576K
}
Event: 14.282 GC heap before
{Heap before GC invocations=13 (full 2):
 PSYoungGen      total 88064K, used 84979K [0x00000007a0000000, 0x00000007a6100000, 0x00000007c0000000)
  eden space 77312K, 100% used [0x00000007a0000000,0x00000007a4b80000,0x00000007a4b80000)
  from space 10752K, 71% used [0x00000007a5600000,0x00000007a5d7ce70,0x00000007a6080000)
  to   space 10752K, 0% used [0x00000007a4b80000,0x00000007a4b80000,0x00000007a5600000)
 ParOldGen       total 101888K, used 14845K [0x0000000760000000, 0x0000000766380000, 0x00000007a0000000)
  object space 101888K, 14% used [0x0000000760000000,0x0000000760e7f780,0x0000000766380000)
 Metaspace       used 44541K, capacity 45656K, committed 45696K, reserved 1089536K
  class space    used 5997K, capacity 6263K, committed 6272K, reserved 1048576K
Event: 14.314 GC heap after
Heap after GC invocations=13 (full 2):
 PSYoungGen      total 88064K, used 10729K [0x00000007a0000000, 0x00000007a7700000, 0x00000007c0000000)
  eden space 77312K, 0% used [0x00000007a0000000,0x00000007a0000000,0x00000007a4b80000)
  from space 10752K, 99% used [0x00000007a4b80000,0x00000007a55fa690,0x00000007a5600000)
  to   space 12288K, 0% used [0x00000007a6b00000,0x00000007a6b00000,0x00000007a7700000)
 ParOldGen       total 101888K, used 15930K [0x0000000760000000, 0x0000000766380000, 0x00000007a0000000)
  object space 101888K, 15% used [0x0000000760000000,0x0000000760f8e850,0x0000000766380000)
 Metaspace       used 44541K, capacity 45656K, committed 45696K, reserved 1089536K
  class space    used 5997K, capacity 6263K, committed 6272K, reserved 1048576K
}

